Rank	CNG	Prospect	College	P1	Ht	Wt	Elig	DR
1	--	Travis Hunter	Colorado	CB	6'1"	185	JR	DRU
2	--	Mason Graham	Michigan	DL3T	6'3"	318	JR	DRU
3	--	Tetairoa McMillan	Arizona	WR	6'4"	210	JR	DRU
4	--	Will Johnson	Michigan	CB	6'2"	202	JR	DRU
5	player up arrow ranking +4	Cameron Ward	Miami (FL)	QB	6'3"	220	RSR	DRO
6	--	Abdul Carter	Penn State	EDGE	6'2"	249	JR	DRU
7	--	Kelvin Banks Jr.	Texas	OT	6'4"	324	JR	
8	player down arrow ranking -4	Shedeur Sanders	Colorado	QB	6'2"	215	SR	SH
9	--	Luther Burden III	Missouri	WR	5'11"	208	JR	DRU
10	--	Will Campbell	LSU	OT	6'6"	325	JR	DRU
11	--	James Pearce Jr.	Tennessee	EDGE	6'4"	242	JR	
12	--	Nic Scourton	Texas A&M	DL5T	6'4"	280	JR	SR
13	--	Emeka Egbuka	Ohio State	WR	6'1"	205	SR	
14	--	Mykel Williams	Georgia	EDGE	6'4"	265	JR	DRU
15	--	Malaki Starks	Georgia	S	6'1"	205	JR	DRU
16	--	Ashton Jeanty	Boise State	RB	5'8"	210	JR	DRU
17	--	Colston Loveland	Michigan	TE	6'5"	245	JR	DRU
18	player down arrow ranking -5	Kenneth Grant	Michigan	DL1T	6'3"	339	JR	SH
19	--	Tyler Warren	Penn State	TE	6'6"	257	SR	
20	--	Maxwell Hairston	Kentucky	CB	6'1"	181	RJR	SR
21	--	Shavon Revel Jr.	East Carolina	CB	6'3"	200	SR	SH
22	--	Wyatt Milum	West Virginia	OT	6'6"	312	SR	SH
23	--	Derrick Harmon	Oregon	DL3T	6'5"	310	RJR	DRO
24	player up arrow ranking +8	Aireontae Ersery	Minnesota	OT	6'5"	325	RSR	SR
25	--	Walter Nolen	Ole Miss	DL3T	6'4"	290	JR	SR
26	--	Nick Emmanwori	South Carolina	S	6'3"	220	JR	DRU
27	--	Isaiah Bond	Texas	WR	5'11"	182	JR	
28	--	J.T. Tuimoloau	Ohio State	EDGE	6'4"	270	SR	
29	--	Shemar Stewart	Texas A&M	EDGE	6'6"	290	JR	SR
30	player down arrow ranking -10	Jalen Milroe	Alabama	QB	6'2"	220	RJR	SR
31	player up arrow ranking +15	Cameron Williams	Texas	OT	6'5"	335	JR	
32	--	Quinn Ewers	Texas	QB	6'2"	207	RSR	
33	player up arrow ranking +5	Mike Green	Marshall	EDGE	6'4"	248	RSO	SR
34	player up arrow ranking +10	Tyleik Williams	Ohio State	DL1T	6'3"	318	SR	
35	--	Benjamin Morrison	Notre Dame	CB	6'0"	185	JR	
36	--	Barrett Carter	Clemson	OLB	6'1"	225	SR	DRO
37	player up arrow ranking +30	Josh Simmons	Ohio State	OT	6'5"	310	RJR	DRU
38	player down arrow ranking -15	Landon Jackson	Arkansas	DL5T	6'7"	280	SR	SR
39	--	Jahdae Barron	Texas	CB	5'11"	192	RSR	
40	--	Deone Walker	Kentucky	DL1T	6'5"	348	JR	SR
41	--	Tre Harris	Ole Miss	WR	6'2"	205	RSR	SH
42	--	Kyle Kennard	South Carolina	EDGE	6'5"	254	GR	SR
43	--	Jihaad Campbell	Alabama	ILB	6'3"	244	JR	DRU
44	--	Jonah Savaiinaea	Arizona	OG	6'5"	330	JR	SR
45	--	Tyler Booker	Alabama	OG	6'5"	332	JR	DRU
46	--	Princely Umanmielen	Ole Miss	EDGE	6'4"	245	RSR	SR
47	--	Bradyn Swinson	LSU	EDGE	6'4"	250	SR	SH
48	--	Jalon Walker	Georgia	OLB	6'2"	245	JR	DRU
49	--	Elic Ayomanor	Stanford	WR	6'2"	210	JR	DRU
50	--	Trey Amos	Ole Miss	CB	6'1"	190	SR	SR
51	--	Emery Jones Jr.	LSU	OT	6'5"	315	JR	SR
52	--	Alfred Collins	Texas	DL3T	6'4"	291	RSR	
53	--	Danny Stutsman	Oklahoma	ILB	6'3"	240	SR	DRO
54	--	Davison Igbinosun	Ohio State	CB	6'1"	190	JR	
55	--	Shemar Turner	Texas A&M	DL3T	6'3"	300	SR	DRU
56	--	Jordan Burch	Oregon	DL5T	6'5"	275	RSR	SR
57	--	Jayden Higgins	Iowa State	WR	6'4"	210	RSR	SR
58	--	Josh Conerly Jr.	Oregon	OT	6'4"	305	JR	SR
59	--	Omarr Norman-Lott	Tennessee	DL3T	6'3"	315	SR	SR
60	--	Omarion Hampton	North Carolina	RB	6'0"	220	JR	DRU
61	--	Dani Dennis-Sutton	Penn State	EDGE	6'4"	261	JR	
62	--	Nazir Stackhouse	Georgia	DL1T	6'3"	320	RSR	DRO
63	--	Harold Fannin Jr.	Bowling Green	TE	6'4"	230	JR	SR
64	player up arrow ranking+10	Jack Sawyer	Ohio State	EDGE	6'4"	267	SR	
65	player down arrow ranking -20	Tate Ratledge	Georgia	OG	6'5"	315	RSR	SR
66	--	Donovan Jackson	Ohio State	OG	6'4"	300	SR	
67	player down arrow ranking -10	Jaxson Dart	Ole Miss	QB	6'2"	220	SR	SR
68	--	Denzel Burke	Ohio State	CB	6'1"	190	SR	
69	player up arrow ranking+70	Grey Zabel	North Dakota State	OG	6'5"	296	RSR	SR
70	--	TreVeyon Henderson	Ohio State	RB	5'10"	214	SR	
71	--	Tez Johnson	Oregon	WRS	5'10"	160	SR	SR
72	--	Quinshon Judkins	Ohio State	RB	5'10"	210	JR	
73	--	Kevin Winston Jr.	Penn State	S	6'2"	204	JR	DRU
74	player down arrow ranking -10	Howard Cross III	Notre Dame	DL3T	6'1"	288	GR	DRO
75	--	Jay Higgins	Iowa	ILB	6'2"	233	RSR	SH
76	player up arrow ranking+50	Marcus Mbow	Purdue	OG	6'5"	305	RJR	SR
77	player up arrow ranking+20	Will Howard	Ohio State	QB	6'5"	242	RSR	SR
78	--	Xavier Restrepo	Miami (FL)	WRS	5'10"	198	RSR	SR
79	--	Antwaun Powell-Ryland	Virginia Tech	EDGE	6'3"	252	RSR	DRO
80	--	Smael Mondon Jr.	Georgia	OLB	6'3"	220	SR	SR
81	--	Kaleb Johnson	Iowa	RB	6'0"	225	JR	DRU
82	--	Jermari Harris	Iowa	CB	6'1"	190	RSR	SH
83	--	Malachi Moore	Alabama	S	6'0"	198	RSR	SR
84	player up arrow ranking+40	Jalen Royals	Utah State	WR	6'0"	205	SR	SR
85	player up arrow ranking+90	Savion Williams	TCU	WR	6'4"	225	RSR	SR
86	--	Jake Briningstool	Clemson	TE	6'5"	230	SR	SR
87	--	Tai Felton	Maryland	WR	6'1"	186	SR	SR
88	--	Cameron Skattebo	Arizona State	RB	5'11"	215	SR	SR
89	player up arrow ranking+30	Josaiah Stewart	Michigan	EDGE	6'1"	237	SR	SR
90	--	Jo'Quavious Marks	USC	RB	5'10"	210	RSR	SR
91	player up arrow ranking+10	Donovan Ezeiruaku	Boston College	EDGE	6'2"	247	SR	SR
92	--	Zy Alexander	LSU	CB	6'2"	188	SR	SH
93	--	Jonah Monheim	USC	OC	6'5"	295	RSR	SR
94	--	Ollie Gordon II	Oklahoma State	RB	6'1"	211	JR	DRU
95	--	Lander Barton	Utah	OLB	6'4"	242	JR	
96	--	Jamon Dumas-Johnson	Kentucky	ILB	6'1"	245	RSR	SH
97	player up arrow ranking+10	Jared Ivey	Ole Miss	EDGE	6'6"	285	RSR	SR
98	player down arrow ranking -15	Ajani Cornelius	Oregon	OT	6'4"	310	SR	SR
99	--	Tory Horton	Colorado State	WR	6'1"	180	RSR	
100	--	Armand Membou	Missouri	OT	6'3"	314	JR	SR
101	--	Mason Taylor	LSU	TE	6'6"	255	JR	SR
102	--	Nick Singleton	Penn State	RB	6'0"	222	JR	
103	--	Rod Moore	Michigan	S	6'0"	185	SR	
104	player down arrow ranking -15	Jaeden Roberts	Alabama	OG	6'5"	316	RJR	
105	--	Jack Nelson	Wisconsin	OT	6'6"	310	RSR	SR
106	--	Ricky White III	UNLV	WR	6'1"	190	SR	SH
107	--	Dorian Strong	Virginia Tech	CB	6'0"	182	RSR	SR
108	--	Ashton Gillotte	Louisville	DL5T	6'3"	270	SR	DRO
109	--	Anthony Belton	NC State	OT	6'6"	336	RSR	SR
110	--	Andrew Mukuba	Texas	S	6'0"	185	SR	SR
111	--	Jason Marshall Jr.	Florida	CB	6'0"	198	SR	SH
112	--	Billy Bowman Jr.	Oklahoma	S	5'10"	190	SR	SR
113	--	Ty Robinson	Nebraska	DL3T	6'6"	310	SR	SR
114	--	Devin Neal	Kansas	RB	5'10"	210	SR	SR
115	--	Luke Lachey	Iowa	TE	6'6"	253	RSR	SH
116	--	T.J. Sanders	South Carolina	DL3T	6'5"	298	RSR	SR
117	--	Tyler Baron	Miami (FL)	EDGE	6'5"	260	RSR	SH
118	player up arrow ranking+60	Jaylin Noel	Iowa State	WRS	5'10"	200	SR	SR
119	--	Jake Majors	Texas	OC	6'3"	315	RSR	
120	--	Terrance Ferguson	Oregon	TE	6'5"	255	SR	SR
121	player down arrow ranking -20	David Bailey	Stanford	EDGE	6'3"	240	JR	
122	--	Akheem Mesidor	Miami (FL)	DL5T	6'2"	280	RSR	
123	--	Raheim Sanders	South Carolina	RB	6'1"	227	SR	SH
124	player up arrow ranking+5	Jamaree Caldwell	Oregon	DL1T	6'1"	320	SR	SR
125	--	Aeneas Peebles	Virginia Tech	DL5T	6'2"	280	JR	SR
126	--	Kyren Lacy	LSU	WR	6'2"	215	RSR	SR
127	--	Gunnar Helm	Texas	TE	6'5"	250	SR	SR
128	--	Toriano Pride Jr.	Missouri	CB	5'11"	190	RJR	
129	--	Jared Wilson	Georgia	OC	6'3"	310	RJR	SR
130	--	Darien Porter	Iowa State	CB	6'4"	200	SR	SR
131	--	Yahya Black	Iowa	DL1T	6'5"	317	SR	SR
132	--	Chris Paul Jr.	Ole Miss	OLB	6'1"	235	RJR	SH
133	--	Ja'Corey Brooks	Louisville	WR	6'2"	195	SR	SH
134	--	DeMonte Capehart	Clemson	DL3T	6'4"	320	SR	
135	--	Sebastian Castro	Iowa	S	5'11"	205	RSR	SR
136	--	Jordan Hancock	Ohio State	CB	6'1"	185	RJR	
137	--	Dylan Sampson	Tennessee	RB	5'11"	201	JR	DRU
138	--	D.J. Campbell	Texas	OG	6'3"	343	JR	
139	--	Thor Griffith	Louisville	DL3T	6'2"	305	RSR	DRO
140	--	D.J. Giddens	Kansas State	RB	6'1"	212	JR	DRO
141	player up arrow ranking+125	Matthew Golden	Texas	WR	6'0"	190	JR	
142	--	Lathan Ransom	Ohio State	S	6'0"	207	RSR	SR
143	player up arrow ranking+30	Charles Grant	William & Mary	OG	6'4"	280	SR	SR
144	--	Dylan Fairchild	Georgia	OG	6'5"	315	RJR	DRO
145	--	Jarquez Hunter	Auburn	RB	5'9"	202	SR	SR
146	--	Hollin Pierce	Rutgers	OT	6'7"	344	RSR	SH
147	--	Donovan Edwards	Michigan	RB	6'0"	204	SR	SR
148	--	Elijah Roberts	SMU	DL5T	6'4"	295	GR	SH
149	--	Azareye'h Thomas	Florida State	CB	6'2"	198	JR	SR
150	--	R.J. Harvey	UCF	RB	5'9"	208	SR	SR
151	--	Mello Dotson	Kansas	CB	6'0"	190	RSR	SH
152	player up arrow ranking+75	Trey Moore	Texas	EDGE	6'3"	235	RJR	
153	--	Luke Kandra	Cincinnati	OG	6'4"	320	RSR	
154	--	Kalel Mullings	Michigan	RB	6'2"	233	SR	SR
155	--	Mitchell Evans	Notre Dame	TE	6'5"	260	SR	
156	--	Rylie Mills	Notre Dame	DL3T	6'5"	306	RSR	
157	--	Jonas Sanker	Virginia	S	6'1"	210	SR	SR
158	--	Pat Bryant	Illinois	WR	6'2"	200	SR	SR
159	player up arrow ranking+25	Ty Hamilton	Ohio State	DL3T	6'3"	295	RSR	SR
160	--	Tyler Batty	BYU	DL5T	6'5"	273	RSR	SH
161	--	Oronde Gadsden II	Syracuse	TE	6'4"	216	SR	SH
162	player up arrow ranking+30	Kobe Hudson	UCF	WR	6'0"	200	RSR	HU
163	--	Seth McLaughlin	Ohio State	OC	6'4"	301	RSR	SR
164	--	Nohl Williams	California	CB	6'1"	200	RSR	SR
165	player up arrow ranking+15	R.J. Oben	Notre Dame	EDGE	6'4"	260	RSR	
166	--	Sonny Styles	Ohio State	OLB	6'3"	230	JR	
167	--	Cobee Bryant	Kansas	CB	6'0"	175	SR	SH
168	--	Shilo Sanders	Colorado	S	6'0"	195	GR	SH
169	--	Xavier Truss	Georgia	OT	6'6"	320	RSR	DRO
170	--	Antwane Wells Jr.	Ole Miss	WR	6'1"	207	RSR	SH
171	player up arrow ranking+25	Kurtis Rourke	Indiana	QB	6'5"	231	GR	SH
172	--	Cooper Mays	Tennessee	OC	6'2"	305	RSR	
173	--	Clay Webb	Jacksonville State	OG	6'3"	290	RSR	HU
174	--	Jaylin Smith	USC	CBN	5'11"	190	SR	SR
175	--	Theo Wease Jr.	Missouri	WR	6'2"	200	RSR	
176	player up arrow ranking+50	Jordan Phillips	Maryland	DL1T	6'3'	320	RSO	DRU
177	--	Arian Smith	Georgia	WR	6'0"	185	RSR	SR
178	player up arrow ranking+120	Jack Bech	TCU	WR	6'2"	215	SR	SR
179	--	Kobe King	Penn State	ILB	6'1"	248	RJR	
180	--	Joshua Farmer	FSU	DL3T	6'3"	318	RJR	SR
181	--	Xavier Watts	Notre Dame	S	6'0"	204	RSR	SR
182	--	Oscar Delp	Georgia	TE	6'5"	245	JR	
183	--	Daylen Everette	Georgia	CB	6'1"	190	JR	
184	--	Tahj Brooks	Texas Tech	RB	5'10"	230	RSR	SH
185	--	Jabbar Muhammad	Oregon	CBN	5'9"	183	RSR	SH
186	--	O'Donnell Fortune	South Carolina	CB	6'1"	185	SR	HU
187	--	Nick Martin	Oklahoma	OLB	6'0"	220	RJR	SR
188	--	Bryson Nesbit	North Carolina	TE	6'5"	230	SR	
189	player up arrow ranking+10	Jay Toia	UCLA	DL1T	6'2"	338	SR	SH
190	--	Warren Burrell	Georgia Tech	CB	6'0"	195	RSR	
191	--	Caden Prieskorn	Ole Miss	TE	6'5"	255	RSR	SH
192	--	Cody Lindenberg	Minnesota	ILB	6'3"	240	RSR	SR
193	--	Connor Colby	Iowa	OG	6'5"	308	SR	
194	player up arrow ranking+75	Ozzy Trapilo	Boston College	OT	6'8"	309	RSR	SR
195	--	Benjamin Yurosek	Georgia	TE	6'4"	242	RSR	DRO
196	--	Zah Frazier	UTSA	CB	6'3"	185	SR	SH
197	--	Tommi Hill	Nebraska	CB	6'0"	195	JR	SR
198	--	Joshua Gray	Oregon State	OG	6'4"	288	RSR	SH
199	player up arrow ranking+50	Riley Leonard	Notre Dame	QB	6'4"	209	SR	SR
200	--	Kyle McCord	Syracuse	QB	6'3"	220	SR	SH
201	--	Elijah Arroyo	Miami (FL)	TE	6'4"	245	SR	SR
202	player up arrow ranking+10	Cam Horsley	Boston College	DL3T	6'4"	306	SR	SH
203	--	Tonka Hemingway	South Carolina	DL5T	6'2"	285	RSR	DRO
204	--	Carson Schwesinger	UCLA	ILB	6'2"	225	RJR	SR
205	--	Earnest Greene III	Georgia	OG	6'4"	320	RSO	
206	--	Darius Alexander	Toldeo	DL3T	6'4"	310	SR	SR
207	--	Tim Smith	Alabama	DL3T	6'3"	302	RSR	DRO
208	--	Brandon Adams	UCF	CB	6'2"	186	SR	SR
209	player down arrow ranking -50	Dominic Lovett	Georgia	WRS	5'9"	185	SR	DRO
210	--	Hunter Wohler	Wisconsin	S	6'2"	211	JR	SR
211	--	James Burnip	Alabama	P	6'6"	220	RSR	SR
212	--	Quincy Riley	Louisville	CB	6'0"	185	RSR	SR
213	--	Craig Woodson	Cal	S	6'0"	210	SR	SH
214	--	Jack Kiser	Notre Dame	OLB	6'2"	223	RSR	
215	--	Maxen Hook	Toledo	S	6'0"	203	SR	SR
216	--	Vernon Broughton	Texas	DL3T	6'4"	305	SR	SR
217	player up arrow ranking+20	David Walker	Central Arkansas	EDGE	6'2"	260	SR	SR
218	--	Miles Frazier	LSU	OG	6'6"	335	RSR	SR
219	--	Upton Stout	Western Kentucky	CBN	5'9"	182	RJR	SR
220	--	Deshawn Pace	Central Florida	OLB	6'2"	215	RSR	SH
221	player up arrow ranking+50	Damien Martinez	Miami (FL)	RB	5'11"	232	JR	SR
222	player up arrow ranking+30	Dillon Gabriel	Oregon	QB	6'0"	205	RSR	SR
223	--	Shaun Dolac	Buffalo	OLB	6'1"	225	GR	DRO
224	--	Aubrey Burks	West Virginia	S	5'11"	202	SR	
225	--	J.C. Davis	Illinois	OT	6'5"	307	SR	SR
226	--	Khari Coleman	Ole Miss	OLB	6'1"	213	SR	
227	--	Zakhari Franklin	Illinois	WR	6'1"	190	RSR	
228	--	C.J. Dippre	Alabama	TE	6'4"	257	SR	SR
229	--	Tyreem Powell	Rutgers	ILB	6'5"	252	SR	SR
230	player up arrow ranking+10	Eric Gregory	Arkansas	DL3T	6'4"	320	RSR	SH
231	player up arrow ranking+30	Drew Kendall	Boston College	OC	6'4"	299	RJR	SH
232	player up arrow ranking+20	Joe Evans	UTSA	DL1T	6'3"	335	RSR	SH
233	--	Collin Oliver	Oklahoma State	OLB	6'2"	235	SR	SR
234	player up arrow ranking+15	Ahmed Hassanein	Boise State	EDGE	6'3"	271	SR	SH
235	--	Will Sheppard	Colorado	WR	6'3"	200	SR	SH
236	--	Chase Lundt	UConn	OT	6'8"	305	RSR	SR
237	player up arrow ranking+40	Kaytron Allen	Penn State	RB	5'11"	229	JR	
238	player up arrow ranking+50	Kaden Prather	Maryland	WR	6'3"	212	SR	SH
239	--	Jacob Parrish	Kansas State	CBN	5'10"	183	JR	SR
240	--	Jeremy Crawshaw	Florida	P	6'4'	205	SR	
241	--	Brashard Smith	SMU	RB	5'10"	196	SR	SR
242	--	Shemar James	Florida	ILB	6'1"	230	JR	SR
243	--	Ryan Fitzgerald	Florida State	PK	6'1"	190	RSR	SR
244	--	Korie Black	Oklahoma State	CB	6'0"	190	SR	DRO
245	--	Nick Nash	San Jose State	WR	6'2"	195	RSR	SH
246	--	Cody Simon	Ohio State	OLB	6'2"	235	SR	
247	--	Omari Thomas	Tennessee	DL1T	6'4"	320	RSR	DRO
248	player up arrow ranking+15	Barryn Sorrell	Texas	EDGE	6'4"	260	SR	SR
249	--	Caleb Ransaw	Tulane	CB	5'11"	194	JR	SR
250	player up arrow ranking+50	Logan Brown	Kansas	OT	6'6"	315	RJR	SR
251	--	Josh Fryar	Ohio State	OT	6'6"	313	RSR	
252	--	Alex Mastromanno	Florida State	P	6'1"	241	RSR	HU
253	--	Eugene Asante	Auburn	OLB	6'1"	222	SR	SR
254	--	Kenneth Almendares	Louisiana	PK	6'2"	252	RSR	
255	--	Corey Kiner	Cincinnati	RB	5'9"	212	SR	SH
256	--	Jager Burton	Kentucky	OG	6'3"	307	RJR	
257	player up arrow ranking+10	C.J. West	Indiana	DL1T	6'2"	317	RSR	SH
258	player up arrow ranking+35	Cam'Ron Jackson	Florida	DL1T	6'6"	342	SR	SR
259	--	Jacob Gardner	Colorado State	OC	6'4"	300	GR	DRO
260	--	Michael Taaffe	Texas	S	6'0"	195	RJR	
261	--	Nate Noel	Missouri	RB	5'10"	190	SR	
262	--	Weston Franklin	Georgia Tech	OC	6'4"	310	SR	
263	--	Davin Vann	NC State	DL5T	6'2"	280	RSR	HU
264	--	Gerad Christian-Lichtenhan	Oregon State	OT	6'9"	329	RSR	SH
265	player up arrow ranking+10	Sai'Vion Jones	LSU	DL5T	6'6"	280	SR	SR
266	--	Francisco Mauigoa	Miami	ILB	6'2"	230	SR	SH
267	--	Jasheen Davis	Wake Forest	EDGE	6'3"	260	RSR	HU
268	player up arrow ranking+15	Oluwafemi Oladejo	UCLA	EDGE	6'3"	250	SR	SR
269	--	Addison West	Western Michigan	OG	6'3"	305	RSR	HU
270	 NEW	LeQuint Allen Jr.	Syracuse	RB	6'0"	201	JR	SH
271	player up arrow ranking+15	Jared Harrison-Hunte	SMU	DL5T	6'4"	294	RSR	SH
272	--	Keleki Latu	Washington	TE	6'7"	244	SR	HU
273	--	Eli Cox	Kentucky	OC	6'4"	311	RSR	HU
274	--	Dont'e Thornton Jr.	Tennessee	WR	6'4"	214	SR	SH
275	--	Teddye Buchanan	California	ILB	6'2"	235	SR	SH
276	--	Cam Miller	Penn State	CB	6'0"	183	JR	
277	player up arrow ranking+50	Da'Quan Felton	Virginia Tech	WR	6'5"	215	GR	SR
278	--	Andres Borregales	Miami (FL)	PK	5'11"	170	SR	SH
279	--	John Campbell Jr.	Tennessee	OT	6'5"	320	RSR	DRO
280	--	Marcus Yarns	Delaware	RB	5'11"	190	GR	SR
281	player up arrow ranking+50	Garrett Dellinger	LSU	OG	6'5"	325	SR	SR
282	--	Jimmy Horn Jr.	Colorado	WRS	5'10"	170	SR	SH
283	--	Will Rogers	Washington	QB	6'2"	215	SR	
284	--	Jeffrey Bassa	Oregon	ILB	6'1"	235	SR	SR
285	--	Fadil Diggs	Syracuse	EDGE	6'5"	261	SR	SH
286	--	Bhayshul Tuten	Virginia Tech	RB	5'11"	209	SR	SR
287	--	Aaron Smith	South Carolina State	ILB	6'2"	230	GR	SH
288	--	Demetrius Knight Jr.	South Carolina	ILB	6'2"	245	RSR	SR
289	--	KeAndre Lambert-Smith	Auburn	WR	661"	182	SR	SH
290	--	Samuel Brown	Miami (FL)	WR	6'2"	195	RJR	SH
291	 NEW	Lamareon James	TCU	CBN	5'10"	190	SR	DRO
292	--	Moose Muhammad III	Texas A&M	WR	6'1"	205	SR	DRO
293	--	Zeek Biggers	Georgia Tech	DL3T	6'6"	320	SR	SH
294	player up arrow ranking+180	Jah Joyner	Minnesota	EDGE	6'5"	265	RSR	SR
295	--	De'Rickey Wright	Vanderbilt	S	6'4"	229	GR	SH
296	--	Brandon Crenshaw-Dickson	Florida	OT	6'6"	322	RSR	SH
297	--	Bryce Cabeldue	Kansas	OT	6'6"	315	SR	SH
298	--	Michael Ford Jr.	Kansas	OG	6'3"	305	RSR	
299	player up arrow ranking+50	Caleb Rogers	Texas Tech	OL	6'5"	310	RSR	SR
300	--	Bilhal Kone	Western Michigan	CB	6'2"	190	RSR	SH
301	--	Amari Kight	Central Florida	OT	6'7"	318	RSR	HU
302	--	Ben Sauls	Pittsburgh	PK	5'10"	185	RSR	SH
303	--	Steve Linton	Baylor	EDGE	6'5"	235	RSR	
304	--	Ja'Quinden Jackson	Arkansas	RB	6'2"	233	RSR	SH
305	--	DeShon Singleton	Nebraska	S	6'3"	210	SR	SH
306	--	Elijhah Badger	Florida	WR	6'1"	192	RSR	HU
307	--	Andrew Armstrong	Arkansas	WR	6'4"	202	RSR	DRO
308	player up arrow ranking+100	Tyler Shough	Louisville	QB	6'5"	225	RSR	SR
309	--	J.J. Pegues	Ole Miss	DL3T	6'2"	315	RSR	
310	--	Trey Wedig	Indiana	OL	6'7"	319	RSR	SH
311	--	Carson Vinson	Alabama A&M	OT	6'6"	305	SR	SR
312	--	Corey Thornton	Louisville	CB	6'1"	195	SR	SH
313	--	Kydran Jenkins	Purdue	OLB	6'1"	253	SR	
314	--	David Gbenda	Texas	OLB	5'11"	235	RSR	
315	--	Johnathan Baldwin	UNLV	CBN	6'1"	200	SR	
316	--	Mario Williams	Tulane	WRS	5'9"	180	SR	
317	--	Mac McWilliams	UCF	CBN	5'10"	185	RSR	SR
318	player up arrow ranking+100	Bru McCoy	Tennessee	WR	6'3"	220	RSR	SR
319	--	Kyonte Hamilton	Rutgers	DL3T	6'4"	304	RSR	HU
320	--	Akili Arnold	USC	S	6'0"	200	RSR	
321	--	Tre Stewart	Jacksonville State	RB	5'10"	192	SR	
322	--	Marcus Harris	California	CBN	5'11"	190	RSR	SH
323	--	Cam Stone	Hawaii	CBN	5'10"	200	RSR	HU
324	--	Nash Jones	Texas State	DL5T	6'5"	320	SR	SH
325	--	Reuben Fatheree II	Texas A&M	OT	6'7"	325	SR	
326	player up arrow ranking+150	Kyle Williams	Washington State	WR	6'0"	186	RSR	SR
327	--	Keondre Jackson	Illinois State	S	6'3"	215	SR	HU
328	--	Dorian Singer	Utah	WR	6'0"	180	SR	
329	player up arrow ranking+100	Jalen Rivers	Miami (FL)	OG	6'5"	325	RJR	SR
330	--	Brendan Mott	Kansas State	EDGE	6'5"	244	RSR	DRO
331	--	Trevor Etienne	Georgia	RB	5'9"	205	JR	
332	--	Jordan Oladokun	Bowling Green	CB	6'0"	190	SR	HU
333	--	Jackson Meeks	Syracuse	WR	6'2"	210	SR	DRO
334	--	Daniel Jackson	Minnesota	WR	6'0"	200	RSR	SH
335	--	Jordan James	Oregon	RB	5'9"	205	JR	DRU
336	--	Cam Lockridge	Fresno State	CB	6'0"	182	SR	DRO
337	--	William Wagner	Michigan	LS	6'2"	245	SR	SR
338	--	Amari Jackson	Boston College	CB	5'10"	190	RJR	HU
339	player up arrow ranking+60	Jalen Travis	Iowa State	OT	6'7"	340	RSR	SR
340	--	Efton Chism III	Eastern Washington	WR	5'11"	200	RSR	HU
341	--	Caden Davis	Ole Miss	PK	6'2"	210	SR	SR
342	--	J.J. Weaver	Kentucky	EDGE	6'5"	244	RSR	HU
343	--	Clarence Lewis	Syracuse	CB	5'11"	192	SR	DRO
344	--	Jackson Slater	Sacramento State	OG	6'4"	316	SR	SR
345	--	Power Echols	North Carolina	ILB	6'0"	225	SR	HU
346	--	Dillon Bell	Georgia	WR	6'1"	210	JR	
347	--	Bryce Benhart	Nebraska	OT	6'9"	315	RSR	
348	--	LaJohntay Wester	Colorado	WR	5'11"	167	SR	SH
349	--	Willie Lampkin	North Carolina	OG	6'1"	285	SR	
350	--	Konata Mumpfield	Pittsburgh	WR	6'0"	185	RSR	SH
351	--	Marcus Harper II	Oregon	OG	6'3"	305	RSR	
352	--	Luke Newman	Michigan State	OG	6'5"	315	RSR	SH
353	--	Beaux Collins	Notre Dame	WR	6'2"	210	SR	
354	--	Roc Taylor	Memphis	WR	6'3"	215	SR	HU
355	--	Jordan Clark	Notre Dame	CBN	5'10"	182	GR	SH
356	--	K.C. Ossai	Louisiana	ILB	6'1"	244	SR	
357	--	Trikweze Bridges	Florida	CB	6'2"	200	RSR	HU
358	--	Austin Brinkman	West Virginia	LS	6'4"	241	SR	SH
359	--	Tyreek Chappell	Texas A&M	CBN	5'10"	180	SR	
360	player up arrow ranking+69	Rayuan Lane III	Navy	S	5'11"	197	SR	SR
361	--	Jahmal Banks	Nebraska	WR	6'4"	220	RSR	
362	--	Marques Cox	Kentucky	OT	6'5"	311	RSR	DRO
363	--	Brennan Presley	Oklahoma State	WRS	5'8"	175	RSR	
364	--	Greg Penn III	LSU	ILB	6'2"	234	SR	SH
365	--	Moliki Matavao	UCLA	TE	6'6"	263	SR	SR
366	--	Zion Childress	Kentucky	S	6'0"	190	SR	HU
367	--	Fentrell Cypress II	Florida State	CBN	5'11"	182	RSR	HU
368	--	Brady Cook	Missouri	QB	6'2"	205	RJR	HU
369	--	Ethan Downs	Oklahoma	EDGE	6'4"	265	SR	SH
370	--	Jackson Hawes	Georgia Tech	TE	6'5"	260	RSR	SR
371	--	Jonathan Mendoza	Louisville	OT	6'8"	308	RSR	
372	--	Robert Longerbeam	Rutgers	CBN	5'11"	178	RSR	SH
373	 NEW	Malik Verdon	Iowa State	S	6'4"	220	RJR	SR
374	--	Giovanni El-Hadi	Michigan	OG	6'5"	310	RJR	
375	--	Kaimon Rucker	North Carolina	EDGE	6'2"	265	RSR	DRO
376	--	Major Burns	LSU	S	6'2"	193	RSR	HU
377	--	Johnny Walker Jr.	Missouri	EDGE	6'3"	255	GR	SH
378	player up arrow ranking+80	Max Brosmer	Minnesota	QB	6'2"	225	GR	SH
379	--	Chandler Martin	Memphis	ILB	6'0"	230	SR	SH
380	--	Jack Conley	Boston College	OG	6'7"	325	GR	SH
381	--	Karene Reid	Utah	OLB	6'0"	226	SR	SR
382	--	Marcus Tate	Clemson	OG	6'5"	325	SR	DRO
383	--	Jaheim Thomas	Wisconsin	ILB	6'4"	245	SR	HU
384	--	Phil Mafah	Clemson	RB	6'1"	230	GR	SH
385	--	Joey Hobert	Texas State	WRS	5'10"	189	RSR	
386	--	Graham Nicholson	Alabama	PK	6'0"	185	SR	HU
387	--	Aiden Williams	Minnesota-Duluth	OT	6'6"	295	RSR	SH
388	--	Sean Martin	West Virginia	DL5T	6'5"	290	RSR	SH
389	--	Myles Purchase	Iowa State	CB	5'11"	205	SR	HU
390	--	Jacolby George	Miami (FL)	WR	6'0"	176	SR	SH
391	--	Jalen McLeod	Auburn	OLB	6'1"	236	SR	SR
392	--	Joe Huber	Wisconsin	OG	6'5"	310	RSR	SH
393	--	Mason Richman	Iowa	OT	6'6"	312	RSR	
394	--	Alijah Huzzie	North Carolina	CBN	5'10"	193	RSR	HU
395	--	Kai Kroeger	South Carolina	P	6'3"	212	RSR	SH
396	--	John Williams	Cincinnati	OT	6'5"	320	RSR	SH
397	--	Dante Trader Jr.	Maryland	S	5'11"	202	SR	SR
398	--	Mario Anderson	Memphis	RB	5'9"	208	SR	HU
399	--	Peny Boone	UCF	RB	6'1"	242	SR	HU
400	--	Cam'ron Silmon-Craig	Colorado	S	5'10"	185	SR	SH
401	--	Brian Blades II	FIU	CBN	5'11"	172	RJR	
402	--	Tyler Cooper	Minnesota	OG	6'5"	310	RSR	SH
403	--	Justin Walley	Minnesota	CB	5'11"	190	SR	SH
404	--	Khalan Griffin	Lamar	RB	5'10"	206	SR	DRO
405	--	Marcus Carroll	Missouri	RB	5'9"	210	RSR	DRO
406	--	Ke'Shawn Williams	Indiana	WRS	5'9"	189	RSR	DRO
407	--	Brian Ugwu	Miami (OH)	EDGE	6'3"	250	SR	
408	--	Jermayne Lole	Texas	DL1T	6'3"	315	GR	DRO
409	--	Glendon Miller	Maryland	S	6'2"	206	SR	SH
410	--	Marcus Wehr	Montana State	OG	6'4"	300	RSR	SH
411	--	Isas Waxter	Villanova	CB	6'2"	215	GR	SH
412	--	Tyron Herring	Delaware	DB	6'2"	195	GR	SH
413	--	Zemaiah Vaughn	Utah	CB	6'2"	185	RSR	
414	--	Quinn Schulte	Iowa	S	6'1"	209	GR	
415	--	Gavin Bartholomew	Pittsburgh	TE	6'4"	255	SR	SR
416	--	Thomas Perry	Middlebury	OG	6'3"	317	SR	SH
417	--	Simeon Barrow Jr.	Miami (FL)	DL3T	6'1"	290	RSR	
418	--	Dalton Cooper	Oklahoma State	OT	6'6"	315	RSR	HU
419	--	Tanner Miller	Michigan State	OC	6'1"	290	RSR	
420	--	Devin Kirkwood	UCLA	CB	6'2"	208	SR	
421	 NEW	Terrence Spence	James Madison	CB	6'2"	195	SR	HU
422	--	Jacob Sexton	Oklahoma	OG	6'6"	325	JR	
423	--	Evan Pryor	Cincinnati	RB	5'10"	198	RJR	
424	--	Yam Banks	Ole Miss	S	6'1"	208	RSR	
425	--	Jabre Barber	Texas A&M	WRS	5'10"	182	RSR	DRO
426	--	Micah Bernard	Utah	RB	6'0"	206	RSR	HU
427	--	Gareth Warren	Lindenwood	OT	6'6'	328	SR	SH
428	--	Garnett Hollis	West Virginia	CB	6'1"	201	SR	SH
429	--	Donovan McMillon	Pittsburgh	S	6'2"	205	SR	HU
430	--	Gerald Mincey	Kentucky	OT	6'6"	337	RSR	DRO
431	--	Kain Medrano	UCLA	OLB	6'3"	230	SR	SH
432	--	Noah Burnette	North Carolina	PK	5'10"	175	SR	
433	 NEW	Carson Bruener	Wisconsin	ILB	6'2"	226	SR	SH
434	--	Timothy McKay	Norht Carolina State	OG	6'4"	312	GR	SH
435	--	Gus Hartwig	Purdue	OC	6'5"	315	RSR	
436	--	R.J. Mickens	Clemson	S	6'0"	210	GR	SH
437	--	Mike Smith Jr.	Eastern Kentucky	DB	6'1"	206	SR	SH
438	--	Zach Carpenter	Miami	OC	6'4"	295	RSR	
439	--	Bud Clark	TCU	S	6'2"	190	RSR	
440	--	Ulysses Bentley IV	Ole Miss	RB	5'10"	200	SR	DRO
441	--	Josh Priebe	Michigan	OG	6'5"	306	RSR	
442	--	Alijah Clark	Syracuse	S	6'1"	187	SR	SH
443	--	Walker Parks	Clemson	OG	6'5"	310	RSR	
444	--	Myles Hinton	Michigan	OT	6'6"	340	RSR	
445	--	Donovan Smith	Houston	QB	6'5"	235	RSR	
446	--	Jaylin Lane	Virginia Tech	WRS	5'9"	192	RSR	SR
447	--	Mekhi Butler	Arkansas State	OG	6'3"	320	RSR	
448	--	Nick Jackson	Iowa	OLB	6'0"	235	GR	HU
449	--	Jacoby Jones	UCF	WR	6'2"	228	RSR	
450	--	Chimere Dike	Florida	WR	6'0"	195	SR	SR
451	--	Seth Henigan	Memphis	QB	6'3"	218	SR	SH
452	--	John Bullock	Nebraska	ILB	6'0"	230	RSR	
453	--	Quinton Cooley	Liberty	RB	5'7"	220	RSR	HU
454	--	Montrell Johnson	Florida	RB	5'11"	215	SR	SH
455	--	Makari Paige	Michigan	S	6'3"	208	RSR	
456	--	Cameron Oliver	UNLV	CB	6'1"	175	SR	DRO
457	--	Luke Grimm	Kansas	WR	5'11"	190	RSR	
458	--	Nash Hutmacher	Nebraska	DL1T	6'3"	330	SR	SH
459	--	Stevo Klotz	Iowa State	TE	6'4"	260	RSR	HU
460	--	Nick Malone	West Virginia	OT	6'5"	298	RSR	
461	--	Javontez Spraggins	Tennessee	OG	6'3"	330	RSR	HU
462	--	Dartanyan Tinsley	Cincinnati	OG	6'4"	320	RSR	HU
463	--	Beau Freyler	Iowa State	S	6'2"	220	SR	DRO
464	--	Kempton Shine	Virginia	CBN	5'11"	191	GR	DRO
465	--	Xavier Carlton	California	EDGE	6'6"	275	RSR	HU
466	--	Chris Hilton Jr.	LSU	WR	6'0"	190	RJR	
467	--	Rivaldo Fairweather	Auburn	TE	6'4"	251	RSR	SH
468	--	Shamari Simmons	Arizona State	CBN	6'0"	195	GR	SH
469	--	Michael Trigg	Ole Miss	TE	6'3"	240	SR	
470	--	Zykeivous Walker	Auburn	DL3T	6'3"	289	SR	
471	--	Duce Chestnut	Syracuse	S	6'0"	198	SR	
472	--	Xzavier Henderson	Cincinnati	WR	6'3"	200	SR	HU
473	--	Dillon Poirier	New Hampshire	OC	6'4"	304	SR	HU
474	--	Matt Jones	Baylor	ILB	6'4"	246	RSR	HU
475	--	Dragan Kesich	Minnesota	PK	6'4"	230	RSR	HU
476	--	Mike Katic	Indiana	OC	6'3"	318	RSR	DRO
477	--	Jalin Conyers	Texas Tech	TE	6'4"	265	RSR	SH
478	--	Aydan White	NC State	CB	6'0"	185	SR	HU
479	--	Robert Lewis	Auburn	WRS	5'11"	185	RSR	
480	 NEW	Cam Miller	North Dakota State	QB	6'1"	212	RSR	SH
481	--	John Saunders Jr.	Ole Miss	S	6'2"	200	RSR	
482	--	B.J. Mayes	Texas A&M	CB	6'1"	195	SR	DRO
483	--	Ruben Hyppolite II	Maryland	ILB	6'0"	240	SR	HU
484	--	Luke Elzinga	Oklahoma	P	6'4"	223	RSR	SH
485	--	Khris Bogle	Michigan State	EDGE	6'3"	245	RSR	
486	--	Drew Shelton	Penn State	OT	6'5"	306	JR	
487	--	Treshaun Ward	Boston College	RB	5'10"	192	RSR	
488	--	Johnathan Edwards	Tulane	CB	6'1"	200	SR	HU
489	--	Korey Foreman	Fresno State	EDGE	6'4"	235	SR	
490	--	R.J. Maryland	SMU	TE	6'4"	233	JR	
491	 NEW	Josh Wojciechowicz	South Dakota Mines	LS	6'3"	245	SR	SH
492	--	David Spaulding	South Carolina	CB	6'1"	195	RSR	
493	--	Woodi Washington	Oklahoma	CB	5'11"	202	RSR	
494	 NEW	Eric Phoenix	South Carolina State	ATH	6'3"	210	GR	DRO
495	--	Julian Fleming	Penn State	WR	6'2"	205	SR	DRO
496	--	Isheem Young	North Texas	S	5'10"	215	RSR	
497	--	Jayson Jones	Auburn	DL1T	6'5"	338	RSR	DRO
498	--	Jack Henderson	Minnesota	S	6'2"	215	SR	
499	--	Jalen White	Georgia Southern	RB	6'0"	215	SR	
500	--	Ty French	West Virginia	EDGE	6'2"	230	RSR
